<?xml version="1.0" encoding="UTF-8"?>
<!-- Generated by org.testng.reporters.JUnitReportReporter -->
<testsuite skipped="0" hostname="DSCHD-PC-123" name="com.dimagi.tests.AdminLogin" tests="1" failures="0" timestamp="16 May 2018 14:48:10 GMT" time="36.355" errors="0">
  <testcase name="loginAsAdmin" time="36.355" classname="com.dimagi.tests.AdminLogin"/>
</testsuite> <!-- com.dimagi.tests.AdminLogin -->
