<?xml version="1.0" encoding="UTF-8"?>
<!-- Generated by org.testng.reporters.JUnitReportReporter -->
<testsuite skipped="0" hostname="DSCHD-PC-123" name="com.dimagi.tests.AdminLogin" tests="1" failures="0" timestamp="18 May 2018 12:34:24 GMT" time="38.919" errors="0">
  <testcase name="loginAsAdmin" time="38.919" classname="com.dimagi.tests.AdminLogin"/>
</testsuite> <!-- com.dimagi.tests.AdminLogin -->
