<?xml version="1.0" encoding="UTF-8"?>
<!-- Generated by org.testng.reporters.JUnitReportReporter -->
<testsuite skipped="0" hostname="DSCHD-PC-123" name="com.dimagi.tests.AppLogin" tests="1" failures="0" timestamp="15 May 2018 07:20:24 GMT" time="36.735" errors="0">
  <testcase name="applicationLogin" time="36.735" classname="com.dimagi.tests.AppLogin"/>
</testsuite> <!-- com.dimagi.tests.AppLogin -->
